C51 COMPILER V9.56.0.0   STDIO                                                             09/28/2022 10:27:28 PAGE 1   


C51 COMPILER V9.56.0.0, COMPILATION OF MODULE STDIO
OBJECT MODULE PLACED IN .\Objects\StdIO.obj
COMPILER INVOKED BY: D:\MDK_v525\C51\BIN\C51.EXE StdIO.c OPTIMIZE(8,SPEED) BROWSE DEBUG OBJECTEXTEND PRINT(.\Listings\St
                    -dIO.lst) TABS(2) OBJECT(.\Objects\StdIO.obj)

line level    source

   1          /*
   2            功能：LED1闪烁和KEY1按键输入
   3            利用软件计数方式得到延时效果
   4            按键读取，根据按键状态驱动LED2
   5            跳线连接：实验板上JP2的“流水灯”跳线短接
   6            编制：电子科技大学实验中心2022年6月
   7          */
   8          
   9          
  10          #include <reg52.h>  // 包含8051的SFR寄存器定义头文件
  11          
  12          //实验板上D1到D8有8个发光二极管，分别对应IO口P1^0到P1^7
  13          //跳线连接：智能小车实验板上JP2的“流水灯”跳线短接
  14          
  15          sbit LED1 = P1^0;   //定义LED1由P1.0控制
  16          sbit LED2 = P1^1;   //定义LED2由P1.1控制
  17          sbit KEY1 = P3^4;   //定义按键KEY1，对应核心板上K1
  18          
  19          //将P1^0换成其他IO，可以点亮其他LED
  20          //也可以对P1端口8个LED一起赋值驱动显示，如：P1 = 0x55;
  21          
  22          
  23          void main()
  24          {
  25   1      
  26   1        unsigned int i; //定义循环变量
  27   1      
  28   1        while(1)        //为什么程序中要有一个无条件死循环？
  29   1        { 
  30   2          LED1 = 0;                 //点亮LED（低电平点亮）
  31   2          for(i=0; i<30000; i++);   //执行计数代码，消耗CPU时间
  32   2          
  33   2          LED1 = 1;                 //熄灭
  34   2          for(i=0; i<30000; i++);
  35   2          
  36   2          if (KEY1 == 0) LED2 = !LED2;  //读取按键状态，若按下则取反LED2输出
  37   2          //注意：按键扫描的速度受到上面两个for循环的限制，长按才起效，请分析利弊。
  38   2        }
  39   1      
  40   1      }


MODULE INFORMATION:   STATIC OVERLAYABLE
   CODE SIZE        =     39    ----
   CONSTANT SIZE    =   ----    ----
   XDATA SIZE       =   ----    ----
   PDATA SIZE       =   ----    ----
   DATA SIZE        =   ----    ----
   IDATA SIZE       =   ----    ----
   BIT SIZE         =   ----    ----
END OF MODULE INFORMATION.


C51 COMPILATION COMPLETE.  0 WARNING(S),  0 ERROR(S)
