C51 COMPILER V9.56.0.0   MAIN_DPY                                                          09/28/2022 11:02:30 PAGE 1   


C51 COMPILER V9.56.0.0, COMPILATION OF MODULE MAIN_DPY
OBJECT MODULE PLACED IN .\Objects\main_dpy.obj
COMPILER INVOKED BY: D:\MDK_v525\C51\BIN\C51.EXE main_dpy.c OPTIMIZE(8,SPEED) BROWSE DEBUG OBJECTEXTEND PRINT(.\Listings
                    -\main_dpy.lst) TABS(2) OBJECT(.\Objects\main_dpy.obj)

line level    source

   1          /*
   2            功能：数码管的动态扫描显示。
   3            1、分别用两种办法实现秒表：循环延时，定时中断
   4            2、学会正计时、倒计时、计时暂停、循环计时
   5            编制：电子科技大学实验中心2022年6月
   6          */
   7          
   8          
   9          #include <reg52.h>
  10          
  11          //定义显示缓冲区（由定时中断程序自动扫描）
  12          unsigned char DispBuf[8];
  13          
  14          //智能小车数码管显示电路管脚定义
  15          sbit SS = P2^6;    //数码管段选信号
  16          sbit CS = P2^7;    //数码管位选信号
  17          
  18          code unsigned char Tab[] =
  19            {//定义0123456789AbCdEF的数码管字型数据，其他显示字符需自行计算，如‘-’的字形数据为0x40
  20              0x3F,0x06,0x5B,0x4F,0x66,0x6D,0x7D,0x07,
  21              0x7F,0x6F,0x77,0x7C,0x39,0x5E,0x79,0x71
  22            };
  23            
  24          unsigned char sec = 0;    //100ms计数
  25          bit timer_start_flag = 0; //定义标志位，控制定时中断跑表的功能是否工作
  26          
  27          /*
  28          函数：T1INTSVC()
  29          功能：定时器T1的中断服务函数
  30          */
  31          void T1INTSVC() interrupt 3 //定时器1的中断号为：3
  32          {
  33   1        code unsigned char com[] = {0x80,0x40,0x20,0x10,0x08,0x04,0x02,0x01}; //显示位的端口控制字节
  34   1        static unsigned char n = 0;           //n: 扫描显示位计数,0-7
  35   1        static unsigned int counter_1ms = 0;  //1ms计数
  36   1      //================数码管定时扫描驱动显示=============== 
  37   1        TR1 = 0;
  38   1        TH1 = 0xFC;
  39   1        TL1 = 0x66;           //可以将FC66换成0000，降低扫描速度，观察和理解动态扫描
  40   1        TR1 = 1;
  41   1        P0 = 0xFF;    //消隐
  42   1        CS = 1;
  43   1        CS = 0;
  44   1        P0 = DispBuf[n];  //更新扫描显示数据
  45   1        SS = 1;
  46   1        SS = 0;
  47   1        P0 = ~com[n]; //重新显示
  48   1        CS = 1;
  49   1        CS = 0;
  50   1        n++;            //指向下一位扫描显示
  51   1        n &= 0x07;
  52   1      //====================================================
  53   1      //==================精度0.1秒的正计时跑表==============
  54   1        if(timer_start_flag)
C51 COMPILER V9.56.0.0   MAIN_DPY                                                          09/28/2022 11:02:30 PAGE 2   

  55   1        {
  56   2          counter_1ms ++; //1ms加1
  57   2          if(counter_1ms == 100)
  58   2          {
  59   3            counter_1ms = 0;      //0.1s到
  60   3            sec ++;       //0.1秒加1
  61   3            
  62   3            DispBuf[5] = Tab[sec % 10];     //查表取出显示数字对应的段码，存入显示缓冲器数组
  63   3            DispBuf[6] = Tab[sec / 10 % 10] | 0x80;   // "| 0x80"可以使该位带小数点显示
  64   3            DispBuf[7] = Tab[sec / 100];
  65   3            
  66   3            if(sec == 120)
  67   3                sec = 0;    //到12.0s，又从0开始
  68   3          }
  69   2        }
  70   1      //思考：如果要做一个倒计时秒表，如何修改程序呢？  
  71   1      //====================================================
  72   1      }
  73          
  74          
  75          /*
  76          函数：DispClear()
  77          功能：清除数码管的所有显示
  78          */
  79          void DispClear()
  80          {
  81   1        unsigned char i;
  82   1        for ( i=0; i<8; i++ )
  83   1        {
  84   2          DispBuf[i] = 0x00;  //i值代表数码管的位数，可以在后面的程序观察是左起还是右起，0x00可以关闭数码管显示
  85   2        }
  86   1      }
  87          
  88          /*
  89          函数：Delay()
  90          功能：延时
  91          说明：
  92            晶振频率为11.0592MHz
  93            延时长度 = 1ms * t
  94          */
  95          void Delayms(unsigned int t)
  96          {
  97   1        unsigned int us_ct;
  98   1        for (;t > 0;t --)   //执行代码消耗CPU时间
  99   1          for (us_ct = 113;us_ct > 0;us_ct --); 
 100   1      }
 101          
 102          
 103          /*
 104          函数：SysInit()
 105          功能：系统初始化
 106          */
 107          void SysInit()
 108          {
 109   1      
 110   1        DispClear();  //初始为全灭
 111   1      
 112   1        TMOD = 0x11;  //设置定时器T0为16位定时器，定时器T1为16位定时器
 113   1        EA = 0;
 114   1        TH1 = 0xFC;   //设置定时器1的初值: 0xFC66，对应定时时间1ms
 115   1        TL1 = 0x66;
 116   1        ET1 = 1;    //使能定时器T1中断
C51 COMPILER V9.56.0.0   MAIN_DPY                                                          09/28/2022 11:02:30 PAGE 3   

 117   1        EA = 1;     //使能总中断
 118   1        TR1 = 1;    //启动定时器T1
 119   1      }
 120          
 121          
 122          void main()
 123          {
 124   1        unsigned int msec;    //100毫秒计数
 125   1      
 126   1        SysInit();
 127   1        //开机显示12345678，用于数码管显示检测
 128   1        DispBuf[7] = Tab[1];
 129   1        DispBuf[6] = Tab[2];
 130   1        DispBuf[5] = Tab[3];
 131   1        DispBuf[4] = Tab[4];
 132   1        DispBuf[3] = Tab[5];
 133   1        DispBuf[2] = Tab[6];
 134   1        DispBuf[1] = Tab[7];
 135   1        DispBuf[0] = Tab[8];
 136   1        Delayms(2000);          //保留显示2s
 137   1        
 138   1        timer_start_flag = 1; 
 139   1        DispClear();        //清除显示（数码管上的显示内容全部熄灭）
 140   1      
 141   1        //下面的秒表程序用于对照定时中断内的秒表，实际应用中尽量避免使用！！！
 142   1        for ( msec=0; msec<120; msec++ )    //显示00.0--11.9秒
 143   1        {
 144   2            DispBuf[0] = Tab[msec % 10];      //查表取出显示数字对应的段码，存入显示缓冲器数组
 145   2            DispBuf[1] = Tab[msec / 10 % 10] | 0x80;  // 该位带小数点显示
 146   2            DispBuf[2] = Tab[msec / 100];
 147   2            Delayms(100);           //0.1s(100ms)更新显示一次
 148   2        }
 149   1      
 150   1        while(1);   //停机
 151   1      }


MODULE INFORMATION:   STATIC OVERLAYABLE
   CODE SIZE        =    371    ----
   CONSTANT SIZE    =     24    ----
   XDATA SIZE       =   ----    ----
   PDATA SIZE       =   ----    ----
   DATA SIZE        =     12    ----
   IDATA SIZE       =   ----    ----
   BIT SIZE         =      1    ----
END OF MODULE INFORMATION.


C51 COMPILATION COMPLETE.  0 WARNING(S),  0 ERROR(S)
